0	19:14:57.610	Custom indicator Bands USDJPY.m,M15: loaded successfully
0	19:14:57.626	Custom indicator Bands USDJPY.m,M15: loaded successfully
0	19:14:57.659	Bands USDJPY.m,M15: initialized
0	19:14:57.679	Bands USDJPY.m,M15: initialized
0	19:14:57.735	Custom indicator Bands AUDCAD.m,M15: loaded successfully
0	19:14:57.750	Custom indicator Bands AUDCAD.m,M15: loaded successfully
0	19:14:57.777	Bands AUDCAD.m,M15: initialized
0	19:14:57.796	Bands AUDCAD.m,M15: initialized
0	19:16:13.749	Script bbScript AUDCAD.m,M15: loaded successfully
0	19:16:13.774	bbScript AUDCAD.m,M15: initialized
0	19:16:13.774	bbScript AUDCAD.m,M15: Alert: 
0	19:16:13.774	bbScript AUDCAD.m,M15: Alert: SELL
0	19:16:13.775	bbScript AUDCAD.m,M15: Alert: Entry Price = 0.88045
0	19:16:13.775	bbScript AUDCAD.m,M15: Alert: Stop Loss Price = 0.8815830544121614
0	19:16:13.775	bbScript AUDCAD.m,M15: Alert: Take Profit Price = 0.8797475000000015
2	19:16:13.966	bbScript AUDCAD.m,M15: open #254422019 sell limit 0.01 AUDCAD.m at 0.88045 sl: 0.88158 tp: 0.87975 ok
0	19:16:13.966	bbScript AUDCAD.m,M15: uninit reason 0
0	19:16:13.974	Script bbScript AUDCAD.m,M15: removed
0	20:14:06.705	Script positionSizing USDJPY.m,M15: loaded successfully
0	20:14:06.728	positionSizing USDJPY.m,M15: initialized
0	20:14:06.728	positionSizing USDJPY.m,M15: Alert: 
0	20:14:06.729	positionSizing USDJPY.m,M15: Alert: 101768.45
0	20:14:06.729	positionSizing USDJPY.m,M15: uninit reason 0
0	20:14:06.732	Script positionSizing USDJPY.m,M15: removed
0	20:14:45.640	Script positionSizing USDJPY.m,M15: loaded successfully
0	20:14:45.665	positionSizing USDJPY.m,M15: initialized
0	20:14:45.665	positionSizing USDJPY.m,M15: Alert: 
0	20:14:45.666	positionSizing USDJPY.m,M15: Alert: 101768.4
0	20:14:45.666	positionSizing USDJPY.m,M15: uninit reason 0
0	20:14:45.668	Script positionSizing USDJPY.m,M15: removed
0	20:16:37.626	Script positionSizing USDJPY.m,M15: loaded successfully
0	20:16:37.682	positionSizing USDJPY.m,M15: initialized
0	20:16:37.683	positionSizing USDJPY.m,M15: Alert: 
0	20:16:37.683	positionSizing USDJPY.m,M15: Alert: 101768.46
0	20:16:37.683	positionSizing USDJPY.m,M15: Alert: 100000.0
0	20:16:37.683	positionSizing USDJPY.m,M15: uninit reason 0
0	20:16:37.690	Script positionSizing USDJPY.m,M15: removed
0	20:20:51.610	Script positionSizing USDJPY.m,M15: loaded successfully
0	20:20:51.655	positionSizing USDJPY.m,M15: initialized
0	20:20:51.656	positionSizing USDJPY.m,M15: Alert: 
0	20:20:51.662	positionSizing USDJPY.m,M15: Alert: Account equity: 101768.35
0	20:20:51.662	positionSizing USDJPY.m,M15: Alert: Lot size: 100000
0	20:20:51.662	positionSizing USDJPY.m,M15: Alert: Tick value0.6763886258488677
0	20:20:51.662	positionSizing USDJPY.m,M15: uninit reason 0
0	20:20:51.669	Script positionSizing USDJPY.m,M15: removed
0	20:21:34.197	Script positionSizing AUDCAD.m,M15: loaded successfully
0	20:21:34.225	positionSizing AUDCAD.m,M15: initialized
0	20:21:34.225	positionSizing AUDCAD.m,M15: Alert: 
0	20:21:34.225	positionSizing AUDCAD.m,M15: Alert: Account equity: 101768.34
0	20:21:34.225	positionSizing AUDCAD.m,M15: Alert: Lot size: 100000
0	20:21:34.225	positionSizing AUDCAD.m,M15: Alert: Tick value: 0.7416802023303593
0	20:21:34.225	positionSizing AUDCAD.m,M15: uninit reason 0
0	20:21:34.231	Script positionSizing AUDCAD.m,M15: removed
0	20:21:55.621	Bands AUDCAD.m,M15: uninit reason 3
0	20:21:55.621	Bands AUDCAD.m,M15: uninit reason 3
0	20:21:55.640	Bands EURUSD.m,M15: initialized
0	20:21:55.640	Bands EURUSD.m,M15: initialized
0	20:21:59.886	Script positionSizing EURUSD.m,M15: loaded successfully
0	20:21:59.938	positionSizing EURUSD.m,M15: initialized
0	20:21:59.939	positionSizing EURUSD.m,M15: Alert: 
0	20:21:59.940	positionSizing EURUSD.m,M15: Alert: Account equity: 101768.34
0	20:21:59.940	positionSizing EURUSD.m,M15: Alert: Lot size: 100000
0	20:21:59.940	positionSizing EURUSD.m,M15: Alert: Tick value: 1
0	20:21:59.940	positionSizing EURUSD.m,M15: uninit reason 0
0	20:21:59.948	Script positionSizing EURUSD.m,M15: removed
0	20:22:15.944	Script positionSizing USDJPY.m,M15: loaded successfully
0	20:22:15.959	positionSizing USDJPY.m,M15: initialized
0	20:22:15.960	positionSizing USDJPY.m,M15: Alert: 
0	20:22:15.962	positionSizing USDJPY.m,M15: Alert: Account equity: 101768.33
0	20:22:15.962	positionSizing USDJPY.m,M15: Alert: Lot size: 100000
0	20:22:15.962	positionSizing USDJPY.m,M15: Alert: Tick value: 0.6763657515438048
0	20:22:15.962	positionSizing USDJPY.m,M15: uninit reason 0
0	20:22:15.965	Script positionSizing USDJPY.m,M15: removed
0	20:22:52.542	Bands USDJPY.m,M15: uninit reason 3
0	20:22:52.542	Bands USDJPY.m,M15: uninit reason 3
0	20:22:52.544	Bands AUDCHF.m,M15: initialized
0	20:22:52.544	Bands AUDCHF.m,M15: initialized
0	20:22:59.356	Script positionSizing AUDCHF.m,M15: loaded successfully
0	20:22:59.414	positionSizing AUDCHF.m,M15: initialized
0	20:22:59.415	positionSizing AUDCHF.m,M15: Alert: 
0	20:22:59.415	positionSizing AUDCHF.m,M15: Alert: Account equity: 101768.31
0	20:22:59.415	positionSizing AUDCHF.m,M15: Alert: Lot size: 100000
0	20:22:59.415	positionSizing AUDCHF.m,M15: Alert: Tick value: 1.150245002185466
0	20:22:59.415	positionSizing AUDCHF.m,M15: uninit reason 0
0	20:22:59.423	Script positionSizing AUDCHF.m,M15: removed
0	20:25:39.153	Script positionSizing AUDCHF.m,M15: loaded successfully
0	20:25:39.177	positionSizing AUDCHF.m,M15: initialized
0	20:25:39.178	positionSizing AUDCHF.m,M15: Alert: 
0	20:25:39.180	positionSizing AUDCHF.m,M15: Alert: Account equity: 101768.4
0	20:25:39.180	positionSizing AUDCHF.m,M15: Alert: Lot size: 100000
0	20:25:39.181	positionSizing AUDCHF.m,M15: Alert: Tick value: 1.150192082077707
0	20:25:39.181	positionSizing AUDCHF.m,M15: Alert: Max loss: 1017.684
0	20:25:39.181	positionSizing AUDCHF.m,M15: uninit reason 0
0	20:25:39.184	Script positionSizing AUDCHF.m,M15: removed
0	20:28:06.314	Script positionSizing AUDCHF.m,M15: loaded successfully
0	20:28:06.371	positionSizing AUDCHF.m,M15: initialized
0	20:28:06.371	positionSizing AUDCHF.m,M15: Alert: 
0	20:28:06.372	positionSizing AUDCHF.m,M15: Alert: Account equity: 101768.44
0	20:28:06.372	positionSizing AUDCHF.m,M15: Alert: Lot size: 100000
0	20:28:06.390	positionSizing AUDCHF.m,M15: Alert: Tick value: 1.150073029637382
0	20:28:06.390	positionSizing AUDCHF.m,M15: Alert: Max loss broker currency: 1017.6844
0	20:28:06.390	positionSizing AUDCHF.m,M15: Alert: Max loss quote currency: 884.8867626440001
0	20:28:06.390	positionSizing AUDCHF.m,M15: uninit reason 0
0	20:28:06.398	Script positionSizing AUDCHF.m,M15: removed
0	20:28:42.588	Bands AUDCHF.m,M15: uninit reason 3
0	20:28:42.588	Bands AUDCHF.m,M15: uninit reason 3
0	20:28:42.610	Bands USDCHF.m,M15: initialized
0	20:28:42.610	Bands USDCHF.m,M15: initialized
0	20:32:13.649	Script positionSizing USDCHF.m,M15: loaded successfully
0	20:32:13.694	positionSizing USDCHF.m,M15: initialized
0	20:32:13.694	positionSizing USDCHF.m,M15: Alert: 
0	20:32:13.696	positionSizing USDCHF.m,M15: Alert: Account equity: 101768.33
0	20:32:13.696	positionSizing USDCHF.m,M15: Alert: Lot size: 100000
0	20:32:13.696	positionSizing USDCHF.m,M15: Alert: Tick value: 1.150086256469235
0	20:32:13.696	positionSizing USDCHF.m,M15: Alert: Max loss broker currency: 1017.6833
0	20:32:13.696	positionSizing USDCHF.m,M15: Alert: Max loss quote currency: 884.8756293500001
0	20:32:13.696	positionSizing USDCHF.m,M15: uninit reason 0
0	20:32:13.700	Script positionSizing USDCHF.m,M15: removed
0	20:35:17.993	Script sendingOrder EURUSD.m,M15: loaded successfully
0	20:35:18.048	sendingOrder EURUSD.m,M15: initialized
0	20:35:18.049	sendingOrder EURUSD.m,M15: Alert: 
2	20:35:18.352	sendingOrder EURUSD.m,M15: open #254428313 buy 0.01 EURUSD.m at 1.07625 sl: 1.07515 tp: 1.07815 ok
0	20:35:18.352	sendingOrder EURUSD.m,M15: Alert: OrderId: 254428313
0	20:35:18.352	sendingOrder EURUSD.m,M15: uninit reason 0
0	20:35:18.360	Script sendingOrder EURUSD.m,M15: removed
0	20:35:22.813	Script positionSizing EURUSD.m,M15: loaded successfully
0	20:35:22.835	positionSizing EURUSD.m,M15: initialized
0	20:35:22.835	positionSizing EURUSD.m,M15: Alert: 
0	20:35:22.835	positionSizing EURUSD.m,M15: Alert: Account equity: 101768.11
0	20:35:22.835	positionSizing EURUSD.m,M15: Alert: Lot size: 100000
0	20:35:22.835	positionSizing EURUSD.m,M15: Alert: Tick value: 1
0	20:35:22.843	positionSizing EURUSD.m,M15: Alert: Max loss broker currency: 1017.6811
0	20:35:22.843	positionSizing EURUSD.m,M15: Alert: Max loss quote currency: 1017.6811
0	20:35:22.843	positionSizing EURUSD.m,M15: uninit reason 0
0	20:35:22.845	Script positionSizing EURUSD.m,M15: removed
0	20:36:20.522	Script positionSizing EURUSD.m,M15: loaded successfully
0	20:36:20.582	positionSizing EURUSD.m,M15: initialized
0	20:36:20.582	positionSizing EURUSD.m,M15: Alert: 
0	20:36:20.583	positionSizing EURUSD.m,M15: Alert: Account equity: 101768.19
0	20:36:20.583	positionSizing EURUSD.m,M15: Alert: Lot size: 100000
0	20:36:20.583	positionSizing EURUSD.m,M15: Alert: Tick value: 1
0	20:36:20.584	positionSizing EURUSD.m,M15: Alert: Max loss broker currency: 1017.6819
0	20:36:20.584	positionSizing EURUSD.m,M15: Alert: Max loss quote currency: 1017.6819
0	20:36:20.584	positionSizing EURUSD.m,M15: Alert: Optimal lot size: 2.54420475
0	20:36:20.584	positionSizing EURUSD.m,M15: uninit reason 0
0	20:36:20.592	Script positionSizing EURUSD.m,M15: removed
0	20:42:10.182	Script positionSizing USDCHF.m,M15: loaded successfully
0	20:42:10.240	positionSizing USDCHF.m,M15: initialized
0	20:42:10.241	positionSizing USDCHF.m,M15: Alert: 
0	20:42:10.241	positionSizing USDCHF.m,M15: Alert: Account equity: 101768.01
0	20:42:10.241	positionSizing USDCHF.m,M15: Alert: Lot size: 100000
0	20:42:10.241	positionSizing USDCHF.m,M15: Alert: Tick value: 1.150337624092671
0	20:42:10.241	positionSizing USDCHF.m,M15: Alert: Max loss broker currency: 1017.6801
0	20:42:10.241	positionSizing USDCHF.m,M15: Alert: Max loss quote currency: 884.6794877310002
0	20:42:10.241	positionSizing USDCHF.m,M15: Alert: Optimal lot size: 2.2116987193275
0	20:42:10.241	positionSizing USDCHF.m,M15: uninit reason 0
0	20:42:10.248	Script positionSizing USDCHF.m,M15: removed
0	20:42:46.611	Bands USDCHF.m,M15: uninit reason 3
0	20:42:46.611	Bands USDCHF.m,M15: uninit reason 3
0	20:42:46.611	Bands GBPJPY.m,M15: initialized
0	20:42:46.611	Bands GBPJPY.m,M15: initialized
0	20:42:50.531	Script positionSizing GBPJPY.m,M15: loaded successfully
0	20:42:50.567	positionSizing GBPJPY.m,M15: initialized
0	20:42:50.568	positionSizing GBPJPY.m,M15: Alert: 
0	20:42:50.568	positionSizing GBPJPY.m,M15: Alert: Account equity: 101768.1
0	20:42:50.568	positionSizing GBPJPY.m,M15: Alert: Lot size: 100000
0	20:42:50.568	positionSizing GBPJPY.m,M15: Alert: Tick value: 0.6764709861594037
0	20:42:50.568	positionSizing GBPJPY.m,M15: Alert: Max loss broker currency: 1017.681
0	20:42:50.568	positionSizing GBPJPY.m,M15: Alert: Max loss quote currency: 1504.39711506
0	20:42:50.568	positionSizing GBPJPY.m,M15: Alert: Optimal lot size: 0.03760992787649999
0	20:42:50.568	positionSizing GBPJPY.m,M15: uninit reason 0
0	20:42:50.573	Script positionSizing GBPJPY.m,M15: removed
0	20:43:22.826	Bands GBPJPY.m,M15: uninit reason 3
0	20:43:22.826	Bands GBPJPY.m,M15: uninit reason 3
0	20:43:22.827	Bands AUDCAD.m,M15: initialized
0	20:43:22.827	Bands AUDCAD.m,M15: initialized
0	20:43:34.714	Script positionSizing AUDCAD.m,M15: loaded successfully
0	20:43:34.784	positionSizing AUDCAD.m,M15: initialized
0	20:43:34.785	positionSizing AUDCAD.m,M15: Alert: 
0	20:43:34.785	positionSizing AUDCAD.m,M15: Alert: Account equity: 101768.18
0	20:43:34.785	positionSizing AUDCAD.m,M15: Alert: Lot size: 100000
0	20:43:34.785	positionSizing AUDCAD.m,M15: Alert: Tick value: 0.7417407171149254
0	20:43:34.785	positionSizing AUDCAD.m,M15: Alert: Max loss broker currency: 1017.6818
0	20:43:34.786	positionSizing AUDCAD.m,M15: Alert: Max loss quote currency: 1372.018249124
0	20:43:34.786	positionSizing AUDCAD.m,M15: Alert: Optimal lot size: 3.43004562281
0	20:43:34.786	positionSizing AUDCAD.m,M15: uninit reason 0
0	20:43:34.795	Script positionSizing AUDCAD.m,M15: removed
0	20:46:45.086	Script positionSizing AUDCAD.m,M15: loaded successfully
0	20:46:45.141	positionSizing AUDCAD.m,M15: initialized
0	20:46:45.141	positionSizing AUDCAD.m,M15: Alert: 
0	20:46:45.141	positionSizing AUDCAD.m,M15: Alert: Account equity: 101768.06
0	20:46:45.141	positionSizing AUDCAD.m,M15: Alert: Lot size: 100000
0	20:46:45.141	positionSizing AUDCAD.m,M15: Alert: Tick value: 0.7418837913229271
0	20:46:45.141	positionSizing AUDCAD.m,M15: Alert: Max loss broker currency: 1017.6806
0	20:46:45.141	positionSizing AUDCAD.m,M15: Alert: Max loss quote currency: 1371.752034352
0	20:46:45.142	positionSizing AUDCAD.m,M15: Alert: Optimal lot size: 3.43
0	20:46:45.142	positionSizing AUDCAD.m,M15: uninit reason 0
0	20:46:45.151	Script positionSizing AUDCAD.m,M15: removed
0	20:49:14.894	Script positionSizing AUDCAD.m,M15: loaded successfully
0	20:49:14.958	positionSizing AUDCAD.m,M15: initialized
0	20:49:14.959	positionSizing AUDCAD.m,M15: Alert: 
0	20:49:14.959	positionSizing AUDCAD.m,M15: Alert: Account equity: 101768.01
0	20:49:14.959	positionSizing AUDCAD.m,M15: Alert: Lot size: 100000
0	20:49:14.959	positionSizing AUDCAD.m,M15: Alert: Tick value: 0.7419223207330193
0	20:49:14.959	positionSizing AUDCAD.m,M15: Alert: Max loss broker currency: 1017.6801
0	20:49:14.959	positionSizing AUDCAD.m,M15: Alert: Max loss quote currency: 1371.680122785
0	20:49:14.959	positionSizing AUDCAD.m,M15: Alert: Optimal lot size: 3.43
0	20:49:14.959	positionSizing AUDCAD.m,M15: uninit reason 0
0	20:49:14.969	Script positionSizing AUDCAD.m,M15: removed
0	20:50:56.236	Script positionSizing AUDCAD.m,M15: loaded successfully
0	20:50:56.287	positionSizing AUDCAD.m,M15: initialized
0	20:50:56.287	positionSizing AUDCAD.m,M15: Alert: 
0	20:50:56.287	positionSizing AUDCAD.m,M15: Alert: Optimal lot size: 3.43
0	20:50:56.287	positionSizing AUDCAD.m,M15: uninit reason 0
0	20:50:56.295	Script positionSizing AUDCAD.m,M15: removed
0	20:51:04.032	Script positionSizing EURUSD.m,M15: loaded successfully
0	20:51:04.096	positionSizing EURUSD.m,M15: initialized
0	20:51:04.096	positionSizing EURUSD.m,M15: Alert: 
0	20:51:04.096	positionSizing EURUSD.m,M15: Alert: Optimal lot size: 2.54
0	20:51:04.096	positionSizing EURUSD.m,M15: uninit reason 0
0	20:51:04.103	Script positionSizing EURUSD.m,M15: removed
0	20:53:49.366	Script positionSizing EURUSD.m,M15: loaded successfully
0	20:53:49.393	positionSizing EURUSD.m,M15: initialized
0	20:53:49.394	positionSizing EURUSD.m,M15: Alert: 
0	20:53:49.394	positionSizing EURUSD.m,M15: Alert: Optimal lot size: 2.54
0	20:53:49.394	positionSizing EURUSD.m,M15: uninit reason 0
0	20:53:49.398	Script positionSizing EURUSD.m,M15: removed
0	21:02:14.282	Bands AUDCAD.m,M15: uninit reason 9
0	21:02:14.282	Bands AUDCAD.m,M15: uninit reason 9
0	21:02:14.282	Bands EURUSD.m,M15: uninit reason 9
0	21:02:14.283	Bands EURUSD.m,M15: uninit reason 9
0	21:02:14.457	Custom indicator Bands AUDCAD.m,M15: removed
0	21:02:14.459	Custom indicator Bands AUDCAD.m,M15: removed
0	21:02:14.469	Custom indicator Bands EURUSD.m,M15: removed
0	21:02:14.472	Custom indicator Bands EURUSD.m,M15: removed
